[14:41:37] [main/INFO] (FabricLoader/GameProvider) Loading for game Minecraft 1.17.1
[14:41:38] [main/INFO] (FabricLoader) Loading 51 mods:
	- fabric 0.42.1+1.17
	- fabric-api-base 0.4.0+5847535018
	- fabric-api-lookup-api-v1 1.3.1+5847535018
	- fabric-biome-api-v1 3.2.2+5847535018
	- fabric-blockrenderlayer-v1 1.1.6+5847535018
	- fabric-command-api-v1 1.1.4+5847535018
	- fabric-commands-v0 0.2.3+5847535018
	- fabric-containers-v0 0.1.13+5847535018
	- fabric-content-registries-v0 0.3.1+5847535018
	- fabric-crash-report-info-v1 0.1.6+5847535018
	- fabric-dimensions-v1 2.0.13+5847535018
	- fabric-entity-events-v1 1.3.1+5847535018
	- fabric-events-interaction-v0 0.4.11+5847535018
	- fabric-events-lifecycle-v0 0.2.2+5847535018
	- fabric-game-rule-api-v1 1.0.8+5847535018
	- fabric-gametest-api-v1 1.0.2+5847535018
	- fabric-item-api-v1 1.2.5+5847535018
	- fabric-item-groups-v0 0.3.1+5847535018
	- fabric-key-binding-api-v1 1.0.5+5847535018
	- fabric-keybindings-v0 0.2.3+5847535018
	- fabric-lifecycle-events-v1 1.4.5+5847535018
	- fabric-loot-tables-v1 1.0.5+5847535018
	- fabric-mining-level-api-v1 1.0.2+6d0fac4218
	- fabric-mining-levels-v0 0.1.5+6d0fac4218
	- fabric-models-v0 0.3.1+5847535018
	- fabric-networking-api-v1 1.0.14+5847535018
	- fabric-networking-blockentity-v0 0.2.12+5847535018
	- fabric-networking-v0 0.3.3+5847535018
	- fabric-object-builder-api-v1 1.10.11+6d0fac4218
	- fabric-object-builders-v0 0.7.5+6d0fac4218
	- fabric-particles-v1 0.2.5+5847535018
	- fabric-registry-sync-v0 0.7.13+5847535018
	- fabric-renderer-api-v1 0.4.5+5847535018
	- fabric-renderer-indigo 0.4.9+5847535018
	- fabric-renderer-registries-v1 3.2.6+6d0fac4218
	- fabric-rendering-data-attachment-v1 0.1.6+5847535018
	- fabric-rendering-fluids-v1 0.2.1+6d0fac4218
	- fabric-rendering-v0 1.1.7+6d0fac4218
	- fabric-rendering-v1 1.10.1+6d0fac4218
	- fabric-resource-loader-v0 0.4.9+5847535018
	- fabric-screen-api-v1 1.0.5+5847535018
	- fabric-screen-handler-api-v1 1.1.9+5847535018
	- fabric-structure-api-v1 1.1.14+5847535018
	- fabric-tag-extensions-v0 1.2.2+5847535018
	- fabric-textures-v0 1.0.7+5847535018
	- fabric-tool-attribute-api-v1 1.3.1+eb76084f18
	- fabric-transfer-api-v1 1.5.1+6d0fac4218
	- fabricloader 0.12.5
	- froggy 1.17.1-0.0.1
	- java 16
	- minecraft 1.17.1
[14:41:38] [main/INFO] (FabricLoader/Mixin) SpongePowered MIXIN Subsystem Version=0.8.4 Source=file:/C:/Users/Bennettc23/.gradle/caches/modules-2/files-2.1/net.fabricmc/sponge-mixin/0.10.6+mixin.0.8.4/71f8ab094808b8ca0d7b572413642c88170bef0d/sponge-mixin-0.10.6+mixin.0.8.4.jar Service=Knot/Fabric Env=CLIENT
[14:41:39] [main/INFO] (FabricLoader/Mixin) Loaded Fabric development mappings for mixin remapper!
[14:41:39] [main/INFO] (FabricLoader/Mixin) Compatibility level set to JAVA_16
[14:41:41] [main/WARN] (FileUtil) Configuration conflict: there is more than one oshi.properties file on the classpath
[14:41:42] [main/WARN] (FileUtil) Configuration conflict: there is more than one oshi.architecture.properties file on the classpath
[14:41:52] [Render thread/INFO] (Minecraft) Environment: authHost='https://authserver.mojang.com', accountsHost='https://api.mojang.com', sessionHost='https://sessionserver.mojang.com', servicesHost='https://api.minecraftservices.com', name='PROD'
[14:41:53] [Render thread/ERROR] (Minecraft) Failed to verify authentication
com.mojang.authlib.exceptions.AuthenticationException: com.mojang.authlib.exceptions.MinecraftClientException: Failed to read from https://api.minecraftservices.com/privileges due to Connection reset
	at com.mojang.authlib.exceptions.MinecraftClientException.toAuthenticationException(MinecraftClientException.java:28) ~[authlib-2.3.31.jar:?]
	at com.mojang.authlib.yggdrasil.YggdrasilSocialInteractionsService.checkPrivileges(YggdrasilSocialInteractionsService.java:116) ~[authlib-2.3.31.jar:?]
	at com.mojang.authlib.yggdrasil.YggdrasilSocialInteractionsService.<init>(YggdrasilSocialInteractionsService.java:42) ~[authlib-2.3.31.jar:?]
	at com.mojang.authlib.yggdrasil.YggdrasilAuthenticationService.createSocialInteractionsService(YggdrasilAuthenticationService.java:151) ~[authlib-2.3.31.jar:?]
	at net.minecraft.client.MinecraftClient.createSocialInteractionsService(MinecraftClient.java:670) [minecraft-mapped.jar:?]
	at net.minecraft.client.MinecraftClient.<init>(MinecraftClient.java:429) [minecraft-mapped.jar:?]
	at net.minecraft.client.main.Main.main(Main.java:179) [minecraft-mapped.jar:?]
	at jdk.internal.reflect.NativeMethodAccessorImpl.invoke0(Native Method) ~[?:?]
	at jdk.internal.reflect.NativeMethodAccessorImpl.invoke(NativeMethodAccessorImpl.java:78) ~[?:?]
	at jdk.internal.reflect.DelegatingMethodAccessorImpl.invoke(DelegatingMethodAccessorImpl.java:43) ~[?:?]
	at java.lang.reflect.Method.invoke(Method.java:567) ~[?:?]
	at net.fabricmc.loader.impl.game.minecraft.MinecraftGameProvider.launch(MinecraftGameProvider.java:568) [fabric-loader-0.12.5.jar:?]
	at net.fabricmc.loader.impl.launch.knot.Knot.launch(Knot.java:74) [fabric-loader-0.12.5.jar:?]
	at net.fabricmc.loader.impl.launch.knot.KnotClient.main(KnotClient.java:23) [fabric-loader-0.12.5.jar:?]
	at net.fabricmc.devlaunchinjector.Main.main(Main.java:86) [dev-launch-injector-0.2.1+build.8.jar:?]
Caused by: com.mojang.authlib.exceptions.MinecraftClientException: Failed to read from https://api.minecraftservices.com/privileges due to Connection reset
	at com.mojang.authlib.minecraft.client.MinecraftClient.readInputStream(MinecraftClient.java:85) ~[authlib-2.3.31.jar:?]
	at com.mojang.authlib.minecraft.client.MinecraftClient.get(MinecraftClient.java:47) ~[authlib-2.3.31.jar:?]
	at com.mojang.authlib.yggdrasil.YggdrasilSocialInteractionsService.checkPrivileges(YggdrasilSocialInteractionsService.java:104) ~[authlib-2.3.31.jar:?]
	... 13 more
Caused by: java.net.SocketException: Connection reset
	at sun.nio.ch.NioSocketImpl.implRead(NioSocketImpl.java:323) ~[?:?]
	at sun.nio.ch.NioSocketImpl.read(NioSocketImpl.java:350) ~[?:?]
	at sun.nio.ch.NioSocketImpl$1.read(NioSocketImpl.java:803) ~[?:?]
	at java.net.Socket$SocketInputStream.read(Socket.java:976) ~[?:?]
	at sun.security.ssl.SSLSocketInputRecord.read(SSLSocketInputRecord.java:478) ~[?:?]
	at sun.security.ssl.SSLSocketInputRecord.readHeader(SSLSocketInputRecord.java:472) ~[?:?]
	at sun.security.ssl.SSLSocketInputRecord.decode(SSLSocketInputRecord.java:160) ~[?:?]
	at sun.security.ssl.SSLTransport.decode(SSLTransport.java:111) ~[?:?]
	at sun.security.ssl.SSLSocketImpl.decode(SSLSocketImpl.java:1506) ~[?:?]
	at sun.security.ssl.SSLSocketImpl.readHandshakeRecord(SSLSocketImpl.java:1416) ~[?:?]
	at sun.security.ssl.SSLSocketImpl.startHandshake(SSLSocketImpl.java:451) ~[?:?]
	at sun.security.ssl.SSLSocketImpl.startHandshake(SSLSocketImpl.java:422) ~[?:?]
	at sun.net.www.protocol.https.HttpsClient.afterConnect(HttpsClient.java:574) ~[?:?]
	at sun.net.www.protocol.https.AbstractDelegateHttpsURLConnection.connect(AbstractDelegateHttpsURLConnection.java:183) ~[?:?]
	at sun.net.www.protocol.http.HttpURLConnection.getInputStream0(HttpURLConnection.java:1653) ~[?:?]
	at sun.net.www.protocol.http.HttpURLConnection.getInputStream(HttpURLConnection.java:1577) ~[?:?]
	at java.net.HttpURLConnection.getResponseCode(HttpURLConnection.java:527) ~[?:?]
	at sun.net.www.protocol.https.HttpsURLConnectionImpl.getResponseCode(HttpsURLConnectionImpl.java:308) ~[?:?]
	at com.mojang.authlib.minecraft.client.MinecraftClient.readInputStream(MinecraftClient.java:64) ~[authlib-2.3.31.jar:?]
	at com.mojang.authlib.minecraft.client.MinecraftClient.get(MinecraftClient.java:47) ~[authlib-2.3.31.jar:?]
	at com.mojang.authlib.yggdrasil.YggdrasilSocialInteractionsService.checkPrivileges(YggdrasilSocialInteractionsService.java:104) ~[authlib-2.3.31.jar:?]
	... 13 more
[14:41:53] [Render thread/INFO] (Minecraft) Setting user: Player821
[14:41:53] [Render thread/WARN] (FabricLoader/Mixin) @Inject(@At("INVOKE")) Shift.BY=3 on fabric-lifecycle-events-v1.mixins.json:client.WorldChunkMixin::handler$zck000$onLoadBlockEntity exceeds the maximum allowed value: 0. Increase the value of maxShiftBy to suppress this warning.
[14:41:53] [Render thread/INFO] (Minecraft) [STDOUT]: Registering Mod Items for frogmod
[14:41:53] [Render thread/INFO] (Minecraft) [STDOUT]: Registering ModBlocks for frogmod
[14:41:53] [Render thread/INFO] (Minecraft) [STDOUT]: Real!
[14:41:54] [Render thread/INFO] (Indigo) [Indigo] Registering Indigo renderer!
[14:41:54] [Render thread/INFO] (Minecraft) Backend library: LWJGL version 3.2.2 build 10
[14:42:00] [Render thread/INFO] (Minecraft) Narrator library for x64 successfully loaded
[14:42:00] [Render thread/INFO] (Minecraft) Reloading ResourceManager: Default, Fabric Mods (Fabric Game Rule API (v1), Fabric Textures (v0), Fabric Screen API (v1), Fabric Models (v0), Fabric Object Builders (v0), Fabric Events Lifecycle (v0), Fabric Tool Attribute API (v1), Fabric Events Interaction (v0), Fabric Rendering Data Attachment (v1), Fabric Biome API (v1), Fabric Crash Report Info (v1), Fabric Commands (v0), Fabric Content Registries (v0), Fabric Lifecycle Events (v1), Fabric Loot Tables (v1), Fabric Registry Sync (v0), Fabric Item API (v1), Fabric Key Bindings (v0), Fabric Renderer - Indigo, Fabric Networking (v0), Fabric Particles (v1), Fabric Command API (v1), Fabric Key Binding API (v1), Fabric Networking API (v1), Fabric API Lookup API (v1), Fabric Renderer Registries (v1), Fabric Resource Loader (v0), Fabric Loader, Fabric BlockRenderLayer Registration (v1), Fabric Object Builder API (v1), Fabric Rendering Fluids (v1), Fabric Containers (v0), Fabric Entity Events (v1), Fabric Transfer API (v1), Fabric Renderer API (v1), Fabric Mining Level API (v1), Fabric Rendering (v0), Fabric Game Test API (v1), Fabric API Base, Fabric Item Groups (v0), Fabric Dimensions API (v1), Frog Mod, Fabric Tag Extensions (v0), Fabric Structure API (v1), Fabric Rendering (v1), Fabric API, Fabric Screen Handler API (v1), Fabric Networking Block Entity (v0), Fabric Mining Levels (v0))
[14:42:01] [Realms Notification Availability checker #1/INFO] (Minecraft) Could not authorize you against Realms server: Invalid session id
[14:42:04] [Worker-Main-5/WARN] (Minecraft) Unable to load model: 'frogmod:diamond_hammer#inventory' referenced from: frogmod:diamond_hammer#inventory: java.io.FileNotFoundException: frogmod:models/item/diamond_hammer.json
[14:42:07] [Render thread/INFO] (Minecraft) OpenAL initialized.
[14:42:07] [Render thread/INFO] (Minecraft) Sound engine started
[14:42:08] [Render thread/INFO] (Minecraft) Created: 1024x1024x0 minecraft:textures/atlas/blocks.png-atlas
[14:42:08] [Render thread/INFO] (Minecraft) Created: 256x128x0 minecraft:textures/atlas/signs.png-atlas
[14:42:08] [Render thread/INFO] (Minecraft) Created: 1024x512x0 minecraft:textures/atlas/banner_patterns.png-atlas
[14:42:08] [Render thread/INFO] (Minecraft) Created: 1024x512x0 minecraft:textures/atlas/shield_patterns.png-atlas
[14:42:08] [Render thread/INFO] (Minecraft) Created: 256x256x0 minecraft:textures/atlas/chest.png-atlas
[14:42:08] [Render thread/INFO] (Minecraft) Created: 512x256x0 minecraft:textures/atlas/beds.png-atlas
[14:42:08] [Render thread/INFO] (Minecraft) Created: 512x256x0 minecraft:textures/atlas/shulker_boxes.png-atlas
[14:42:13] [Render thread/INFO] (Minecraft) Created: 256x256x0 minecraft:textures/atlas/particles.png-atlas
[14:42:13] [Render thread/INFO] (Minecraft) Created: 256x256x0 minecraft:textures/atlas/paintings.png-atlas
[14:42:13] [Render thread/INFO] (Minecraft) Created: 256x128x0 minecraft:textures/atlas/mob_effects.png-atlas
[14:42:23] [Render thread/WARN] (Minecraft) Ambiguity between arguments [teleport, location] and [teleport, destination] with inputs: [0.1 -0.5 .9, 0 0 0]
[14:42:23] [Render thread/WARN] (Minecraft) Ambiguity between arguments [teleport, location] and [teleport, targets] with inputs: [0.1 -0.5 .9, 0 0 0]
[14:42:23] [Render thread/WARN] (Minecraft) Ambiguity between arguments [teleport, destination] and [teleport, targets] with inputs: [Player, 0123, @e, dd12be42-52a9-4a91-a8a1-11c01849e498]
[14:42:23] [Render thread/WARN] (Minecraft) Ambiguity between arguments [teleport, targets] and [teleport, destination] with inputs: [Player, 0123, dd12be42-52a9-4a91-a8a1-11c01849e498]
[14:42:23] [Render thread/WARN] (Minecraft) Ambiguity between arguments [teleport, targets, location] and [teleport, targets, destination] with inputs: [0.1 -0.5 .9, 0 0 0]
[14:42:23] [Render thread/INFO] (Minecraft) Reloading ResourceManager: Default, Fabric Mods (Fabric Tool Attribute API (v1), Fabric Game Test API (v1), Frog Mod)
[14:42:23] [Worker-Main-6/ERROR] (Minecraft) Couldn't load tag c:heavy_weapon as it is missing following references: frog:heavy_diamond_sword (from Frog Mod),frog:heavy_netherite_sword (from Frog Mod),frog:diamond_hammer (from Frog Mod),frog:netherite_hammer (from Frog Mod)
[14:42:24] [Render thread/INFO] (Minecraft) Loaded 7 recipes
[14:42:26] [Render thread/ERROR] (Minecraft) Parsing error loading custom advancement frogmod:mine_ruby: Unknown required criterion 'frogmod:ruby'
[14:42:26] [Render thread/INFO] (Minecraft) Loaded 1137 advancements
[14:42:26] [Render thread/INFO] (BiomeModificationImpl) Applied 0 biome modifications to 0 of 81 new biomes in 44.83 ms
[14:42:31] [Render thread/INFO] (Minecraft) Environment: authHost='https://authserver.mojang.com', accountsHost='https://api.mojang.com', sessionHost='https://sessionserver.mojang.com', servicesHost='https://api.minecraftservices.com', name='PROD'
[14:42:31] [Server thread/INFO] (Minecraft) Starting integrated minecraft server version 1.17.1
[14:42:31] [Server thread/INFO] (Minecraft) Generating keypair
[14:42:34] [Server thread/INFO] (Minecraft) Preparing start region for dimension minecraft:overworld
[14:42:37] [Render thread/INFO] (Minecraft) Preparing spawn area: 0%
[14:42:45] [Render thread/INFO] (Minecraft) Preparing spawn area: 0%
[14:42:45] [Render thread/INFO] (Minecraft) Preparing spawn area: 0%
[14:42:45] [Render thread/INFO] (Minecraft) Preparing spawn area: 0%
[14:42:45] [Render thread/INFO] (Minecraft) Preparing spawn area: 0%
[14:42:45] [Render thread/INFO] (Minecraft) Preparing spawn area: 0%
[14:42:45] [Render thread/INFO] (Minecraft) Preparing spawn area: 0%
[14:42:45] [Render thread/INFO] (Minecraft) Preparing spawn area: 0%
[14:42:45] [Render thread/INFO] (Minecraft) Preparing spawn area: 0%
[14:42:45] [Render thread/INFO] (Minecraft) Preparing spawn area: 0%
[14:42:45] [Render thread/INFO] (Minecraft) Preparing spawn area: 0%
[14:42:45] [Render thread/INFO] (Minecraft) Preparing spawn area: 0%
[14:42:45] [Render thread/INFO] (Minecraft) Preparing spawn area: 0%
[14:42:45] [Render thread/INFO] (Minecraft) Preparing spawn area: 0%
[14:42:45] [Render thread/INFO] (Minecraft) Preparing spawn area: 0%
[14:42:45] [Render thread/INFO] (Minecraft) Preparing spawn area: 0%
[14:42:45] [Render thread/INFO] (Minecraft) Preparing spawn area: 0%
[14:42:45] [Render thread/INFO] (Minecraft) Preparing spawn area: 0%
[14:42:45] [Render thread/INFO] (Minecraft) Preparing spawn area: 0%
[14:42:45] [Render thread/INFO] (Minecraft) Preparing spawn area: 0%
[14:42:45] [Render thread/INFO] (Minecraft) Preparing spawn area: 0%
[14:42:45] [Render thread/INFO] (Minecraft) Preparing spawn area: 0%
[14:42:46] [Render thread/INFO] (Minecraft) Preparing spawn area: 0%
[14:42:46] [Render thread/INFO] (Minecraft) Preparing spawn area: 0%
[14:42:47] [Render thread/INFO] (Minecraft) Preparing spawn area: 0%
[14:42:47] [Render thread/INFO] (Minecraft) Preparing spawn area: 0%
[14:42:48] [Render thread/INFO] (Minecraft) Preparing spawn area: 12%
[14:42:48] [Render thread/INFO] (Minecraft) Preparing spawn area: 15%
[14:42:49] [Render thread/INFO] (Minecraft) Preparing spawn area: 15%
[14:42:49] [Render thread/INFO] (Minecraft) Preparing spawn area: 17%
[14:42:50] [Render thread/INFO] (Minecraft) Preparing spawn area: 26%
[14:42:50] [Render thread/INFO] (Minecraft) Preparing spawn area: 35%
[14:42:51] [Render thread/INFO] (Minecraft) Preparing spawn area: 39%
[14:42:51] [Render thread/INFO] (Minecraft) Preparing spawn area: 68%
[14:42:52] [Render thread/INFO] (Minecraft) Preparing spawn area: 69%
[14:42:52] [Render thread/INFO] (Minecraft) Preparing spawn area: 72%
[14:42:53] [Render thread/INFO] (Minecraft) Preparing spawn area: 74%
[14:42:53] [Render thread/INFO] (Minecraft) Preparing spawn area: 74%
[14:42:54] [Render thread/INFO] (Minecraft) Preparing spawn area: 76%
[14:42:54] [Render thread/INFO] (Minecraft) Preparing spawn area: 77%
[14:42:55] [Render thread/INFO] (Minecraft) Preparing spawn area: 77%
[14:42:55] [Render thread/INFO] (Minecraft) Preparing spawn area: 83%
[14:42:56] [Render thread/INFO] (Minecraft) Preparing spawn area: 83%
[14:42:56] [Render thread/INFO] (Minecraft) Preparing spawn area: 84%
[14:42:56] [Render thread/INFO] (Minecraft) Preparing spawn area: 85%
[14:42:57] [Render thread/INFO] (Minecraft) Preparing spawn area: 86%
[14:42:58] [Render thread/INFO] (Minecraft) Preparing spawn area: 86%
[14:42:59] [Render thread/INFO] (Minecraft) Preparing spawn area: 88%
[14:42:59] [Render thread/INFO] (Minecraft) Preparing spawn area: 88%
[14:42:59] [Render thread/INFO] (Minecraft) Preparing spawn area: 93%
[14:43:00] [Render thread/INFO] (Minecraft) Preparing spawn area: 93%
[14:43:00] [Render thread/INFO] (Minecraft) Preparing spawn area: 95%
[14:43:01] [Render thread/INFO] (Minecraft) Preparing spawn area: 96%
[14:43:01] [Render thread/INFO] (Minecraft) Preparing spawn area: 99%
[14:43:18] [Render thread/INFO] (Minecraft) Time elapsed: 42918 ms
[14:43:18] [Server thread/INFO] (Minecraft) Changing view distance to 2, from 10
[14:43:20] [Server thread/WARN] (Minecraft) Can't keep up! Is the server overloaded? Running 2662ms or 53 ticks behind
[14:43:23] [Server thread/INFO] (Minecraft) Player821[local:E:2dbca89e] logged in with entity id 212 at (163.01350926685703, 64.0, -173.82190223328828)
[14:43:24] [Server thread/INFO] (Minecraft) Player821 joined the game
[14:43:25] [Server thread/INFO] (Minecraft) Saving and pausing game...
[14:43:25] [Server thread/INFO] (Minecraft) Saving chunks for level 'ServerLevel[New World]'/minecraft:overworld
[14:43:29] [Server thread/INFO] (Minecraft) Saving chunks for level 'ServerLevel[New World]'/minecraft:the_nether
[14:43:29] [Server thread/INFO] (Minecraft) Saving chunks for level 'ServerLevel[New World]'/minecraft:the_end
[14:43:31] [Render thread/INFO] (Minecraft) Loaded 2 advancements
[14:43:42] [Render thread/INFO] (Minecraft) Stopping!
[14:43:42] [Server thread/INFO] (Minecraft) Player821 lost connection: Disconnected
[14:43:42] [Server thread/INFO] (Minecraft) Player821 left the game
[14:43:42] [Server thread/INFO] (Minecraft) Stopping singleplayer server as player logged out
[14:43:42] [Server thread/INFO] (Minecraft) Stopping server
[14:43:42] [Server thread/INFO] (Minecraft) Saving players
[14:43:42] [Server thread/INFO] (Minecraft) Saving worlds
[14:43:42] [Server thread/INFO] (Minecraft) Saving chunks for level 'ServerLevel[New World]'/minecraft:overworld
[14:43:43] [Server thread/INFO] (Minecraft) Saving chunks for level 'ServerLevel[New World]'/minecraft:the_nether
[14:43:43] [Server thread/INFO] (Minecraft) Saving chunks for level 'ServerLevel[New World]'/minecraft:the_end
[14:43:43] [Server thread/INFO] (Minecraft) ThreadedAnvilChunkStorage (New World): All chunks are saved
[14:43:43] [Server thread/INFO] (Minecraft) ThreadedAnvilChunkStorage (DIM-1): All chunks are saved
[14:43:43] [Server thread/INFO] (Minecraft) ThreadedAnvilChunkStorage (DIM1): All chunks are saved
[14:43:43] [Server thread/INFO] (Minecraft) ThreadedAnvilChunkStorage: All dimensions are saved
